INFO - input spreadsheet dimensions: 208 x 23
DEBUG - processing row 11 from input spreadsheet
DEBUG - col: 0 value: Cat 5
DEBUG - col: 1 value: 
DEBUG - col: 2 value: 
DEBUG - col: 3 value: 
DEBUG - col: 4 value: 
DEBUG - col: 5 value: 
DEBUG - col: 6 value: 
DEBUG - col: 7 value: 
DEBUG - col: 8 value: 
DEBUG - col: 9 value: 
DEBUG - col: 10 value: 
DEBUG - col: 11 value: 
DEBUG - col: 12 value: 
DEBUG - col: 13 value: 
DEBUG - col: 14 value: 
DEBUG - col: 15 value: 
DEBUG - col: 16 value: 
DEBUG - col: 17 value: 
DEBUG - col: 18 value: 
DEBUG - col: 19 value: 
DEBUG - col: 20 value: 
DEBUG - col: 21 value: 
DEBUG - col: 22 value: 
DEBUG - adding output object for: Cat 5
DEBUG - processing row 12 from input spreadsheet
DEBUG - col: 0 value: Cat 5e
DEBUG - col: 1 value: 
DEBUG - col: 2 value: 
DEBUG - col: 3 value: 
DEBUG - col: 4 value: 
DEBUG - col: 5 value: 
DEBUG - col: 6 value: 
DEBUG - col: 7 value: 
DEBUG - col: 8 value: 
DEBUG - col: 9 value: 
DEBUG - col: 10 value: 
DEBUG - col: 11 value: 
DEBUG - col: 12 value: 
DEBUG - col: 13 value: 
DEBUG - col: 14 value: 
DEBUG - col: 15 value: 
DEBUG - col: 16 value: 
DEBUG - col: 17 value: 
DEBUG - col: 18 value: 
DEBUG - col: 19 value: 
DEBUG - col: 20 value: 
DEBUG - col: 21 value: 
DEBUG - col: 22 value: 
DEBUG - adding output object for: Cat 5e
DEBUG - processing row 13 from input spreadsheet
DEBUG - col: 0 value: Cat 6
DEBUG - col: 1 value: 
DEBUG - col: 2 value: 
DEBUG - col: 3 value: 
DEBUG - col: 4 value: 
DEBUG - col: 5 value: 
DEBUG - col: 6 value: 
DEBUG - col: 7 value: 
DEBUG - col: 8 value: 
DEBUG - col: 9 value: 
DEBUG - col: 10 value: 
DEBUG - col: 11 value: 
DEBUG - col: 12 value: 
DEBUG - col: 13 value: 
DEBUG - col: 14 value: 
DEBUG - col: 15 value: 
DEBUG - col: 16 value: 
DEBUG - col: 17 value: 
DEBUG - col: 18 value: 
DEBUG - col: 19 value: 
DEBUG - col: 20 value: 
DEBUG - col: 21 value: 
DEBUG - col: 22 value: 
DEBUG - adding output object for: Cat 6
DEBUG - processing row 14 from input spreadsheet
DEBUG - col: 0 value: Cat 6a
DEBUG - col: 1 value: 
DEBUG - col: 2 value: 
DEBUG - col: 3 value: 
DEBUG - col: 4 value: 
DEBUG - col: 5 value: 
DEBUG - col: 6 value: 
DEBUG - col: 7 value: 
DEBUG - col: 8 value: 
DEBUG - col: 9 value: 
DEBUG - col: 10 value: 
DEBUG - col: 11 value: 
DEBUG - col: 12 value: 
DEBUG - col: 13 value: 
DEBUG - col: 14 value: 
DEBUG - col: 15 value: 
DEBUG - col: 16 value: 
DEBUG - col: 17 value: 
DEBUG - col: 18 value: 
DEBUG - col: 19 value: 
DEBUG - col: 20 value: 
DEBUG - col: 21 value: 
DEBUG - col: 22 value: 
DEBUG - cable type already exists in CDB for: Cat 6a, skipping
DEBUG - processing row 15 from input spreadsheet
DEBUG - col: 0 value: M 1
DEBUG - col: 1 value: 
DEBUG - col: 2 value: 
DEBUG - col: 3 value: 
DEBUG - col: 4 value: 
DEBUG - col: 5 value: 
DEBUG - col: 6 value: 
DEBUG - col: 7 value: 
DEBUG - col: 8 value: 
DEBUG - col: 9 value: 
DEBUG - col: 10 value: 
DEBUG - col: 11 value: 
DEBUG - col: 12 value: 
DEBUG - col: 13 value: 
DEBUG - col: 14 value: 
DEBUG - col: 15 value: 
DEBUG - col: 16 value: 
DEBUG - col: 17 value: 
DEBUG - col: 18 value: 
DEBUG - col: 19 value: 
DEBUG - col: 20 value: 
DEBUG - col: 21 value: 
DEBUG - col: 22 value: 
DEBUG - adding output object for: M 1
DEBUG - processing row 16 from input spreadsheet
DEBUG - col: 0 value: M 2
DEBUG - col: 1 value: 
DEBUG - col: 2 value: 
DEBUG - col: 3 value: 
DEBUG - col: 4 value: 
DEBUG - col: 5 value: 
DEBUG - col: 6 value: 
DEBUG - col: 7 value: 
DEBUG - col: 8 value: 
DEBUG - col: 9 value: 
DEBUG - col: 10 value: 
DEBUG - col: 11 value: 
DEBUG - col: 12 value: 
DEBUG - col: 13 value: 
DEBUG - col: 14 value: 
DEBUG - col: 15 value: 
DEBUG - col: 16 value: 
DEBUG - col: 17 value: 
DEBUG - col: 18 value: 
DEBUG - col: 19 value: 
DEBUG - col: 20 value: 
DEBUG - col: 21 value: 
DEBUG - col: 22 value: 
DEBUG - adding output object for: M 2
DEBUG - processing row 17 from input spreadsheet
DEBUG - col: 0 value: M 4
DEBUG - col: 1 value: 
DEBUG - col: 2 value: 
DEBUG - col: 3 value: 
DEBUG - col: 4 value: 
DEBUG - col: 5 value: 
DEBUG - col: 6 value: 
DEBUG - col: 7 value: 
DEBUG - col: 8 value: 
DEBUG - col: 9 value: 
DEBUG - col: 10 value: 
DEBUG - col: 11 value: 
DEBUG - col: 12 value: 
DEBUG - col: 13 value: 
DEBUG - col: 14 value: 
DEBUG - col: 15 value: 
DEBUG - col: 16 value: 
DEBUG - col: 17 value: 
DEBUG - col: 18 value: 
DEBUG - col: 19 value: 
DEBUG - col: 20 value: 
DEBUG - col: 21 value: 
DEBUG - col: 22 value: 
DEBUG - adding output object for: M 4
DEBUG - processing row 18 from input spreadsheet
DEBUG - col: 0 value: M 6
DEBUG - col: 1 value: 
DEBUG - col: 2 value: 
DEBUG - col: 3 value: 
DEBUG - col: 4 value: 
DEBUG - col: 5 value: 
DEBUG - col: 6 value: 
DEBUG - col: 7 value: 
DEBUG - col: 8 value: 
DEBUG - col: 9 value: 
DEBUG - col: 10 value: 
DEBUG - col: 11 value: 
DEBUG - col: 12 value: 
DEBUG - col: 13 value: 
DEBUG - col: 14 value: 
DEBUG - col: 15 value: 
DEBUG - col: 16 value: 
DEBUG - col: 17 value: 
DEBUG - col: 18 value: 
DEBUG - col: 19 value: 
DEBUG - col: 20 value: 
DEBUG - col: 21 value: 
DEBUG - col: 22 value: 
DEBUG - adding output object for: M 6
DEBUG - processing row 19 from input spreadsheet
DEBUG - col: 0 value: M 8
DEBUG - col: 1 value: 
DEBUG - col: 2 value: 
DEBUG - col: 3 value: 
DEBUG - col: 4 value: 
DEBUG - col: 5 value: 
DEBUG - col: 6 value: 
DEBUG - col: 7 value: 
DEBUG - col: 8 value: 
DEBUG - col: 9 value: 
DEBUG - col: 10 value: 
DEBUG - col: 11 value: 
DEBUG - col: 12 value: 
DEBUG - col: 13 value: 
DEBUG - col: 14 value: 
DEBUG - col: 15 value: 
DEBUG - col: 16 value: 
DEBUG - col: 17 value: 
DEBUG - col: 18 value: 
DEBUG - col: 19 value: 
DEBUG - col: 20 value: 
DEBUG - col: 21 value: 
DEBUG - col: 22 value: 
DEBUG - adding output object for: M 8
DEBUG - processing row 20 from input spreadsheet
DEBUG - col: 0 value: M 12
DEBUG - col: 1 value: 
DEBUG - col: 2 value: 
DEBUG - col: 3 value: 
DEBUG - col: 4 value: 
DEBUG - col: 5 value: 
DEBUG - col: 6 value: 
DEBUG - col: 7 value: 
DEBUG - col: 8 value: 
DEBUG - col: 9 value: 
DEBUG - col: 10 value: 
DEBUG - col: 11 value: 
DEBUG - col: 12 value: 
DEBUG - col: 13 value: 
DEBUG - col: 14 value: 
DEBUG - col: 15 value: 
DEBUG - col: 16 value: 
DEBUG - col: 17 value: 
DEBUG - col: 18 value: 
DEBUG - col: 19 value: 
DEBUG - col: 20 value: 
DEBUG - col: 21 value: 
DEBUG - col: 22 value: 
DEBUG - adding output object for: M 12
DEBUG - processing row 21 from input spreadsheet
DEBUG - col: 0 value: M 24
DEBUG - col: 1 value: 
DEBUG - col: 2 value: CommScope
DEBUG - col: 3 value: R-024-DS-5K-FSUBR
DEBUG - col: 4 value: 760152413
DEBUG - col: 5 value: 0.33
DEBUG - col: 6 value: 38
DEBUG - col: 7 value: 24
DEBUG - col: 8 value: 
DEBUG - col: 9 value: brown
DEBUG - col: 10 value: 
DEBUG - col: 11 value: 
DEBUG - col: 12 value: 
DEBUG - col: 13 value: 4.9
DEBUG - col: 14 value: 
DEBUG - col: 15 value: https://www.anixter.com/en_us/products/R-024-DS-5K-FSUBR/COMMSCOPE-ENTERPRISE-SOLUTIONS/Indoor-Fiber-Optic-Cable/p/371-COMOM4-TBD-24BR
DEBUG - col: 16 value: https://images.eanixter.com/viewex/PR65573V2.JPG
DEBUG - col: 17 value: 
DEBUG - col: 18 value: 
DEBUG - col: 19 value: 
DEBUG - col: 20 value: 
DEBUG - col: 21 value: 
DEBUG - col: 22 value: 
DEBUG - found source with name: CommScope, id: 124
DEBUG - adding output object for: M 24
DEBUG - processing row 22 from input spreadsheet
DEBUG - col: 0 value: M 48
DEBUG - col: 1 value: 
DEBUG - col: 2 value: 
DEBUG - col: 3 value: 
DEBUG - col: 4 value: 
DEBUG - col: 5 value: 
DEBUG - col: 6 value: 
DEBUG - col: 7 value: 
DEBUG - col: 8 value: 
DEBUG - col: 9 value: 
DEBUG - col: 10 value: 
DEBUG - col: 11 value: 
DEBUG - col: 12 value: 
DEBUG - col: 13 value: 
DEBUG - col: 14 value: 
DEBUG - col: 15 value: 
DEBUG - col: 16 value: 
DEBUG - col: 17 value: 
DEBUG - col: 18 value: 
DEBUG - col: 19 value: 
DEBUG - col: 20 value: 
DEBUG - col: 21 value: 
DEBUG - col: 22 value: 
DEBUG - adding output object for: M 48
DEBUG - processing row 23 from input spreadsheet
DEBUG - col: 0 value: S 1
DEBUG - col: 1 value: 
DEBUG - col: 2 value: 
DEBUG - col: 3 value: 
DEBUG - col: 4 value: 
DEBUG - col: 5 value: 
DEBUG - col: 6 value: 
DEBUG - col: 7 value: 
DEBUG - col: 8 value: 
DEBUG - col: 9 value: 
DEBUG - col: 10 value: 
DEBUG - col: 11 value: 
DEBUG - col: 12 value: 
DEBUG - col: 13 value: 
DEBUG - col: 14 value: 
DEBUG - col: 15 value: 
DEBUG - col: 16 value: 
DEBUG - col: 17 value: 
DEBUG - col: 18 value: 
DEBUG - col: 19 value: 
DEBUG - col: 20 value: 
DEBUG - col: 21 value: 
DEBUG - col: 22 value: 
DEBUG - adding output object for: S 1
DEBUG - processing row 24 from input spreadsheet
DEBUG - col: 0 value: S 2
DEBUG - col: 1 value: 
DEBUG - col: 2 value: 
DEBUG - col: 3 value: 
DEBUG - col: 4 value: 
DEBUG - col: 5 value: 
DEBUG - col: 6 value: 
DEBUG - col: 7 value: 
DEBUG - col: 8 value: 
DEBUG - col: 9 value: 
DEBUG - col: 10 value: 
DEBUG - col: 11 value: 
DEBUG - col: 12 value: 
DEBUG - col: 13 value: 
DEBUG - col: 14 value: 
DEBUG - col: 15 value: 
DEBUG - col: 16 value: 
DEBUG - col: 17 value: 
DEBUG - col: 18 value: 
DEBUG - col: 19 value: 
DEBUG - col: 20 value: 
DEBUG - col: 21 value: 
DEBUG - col: 22 value: 
DEBUG - adding output object for: S 2
DEBUG - processing row 25 from input spreadsheet
DEBUG - col: 0 value: S 4
DEBUG - col: 1 value: 
DEBUG - col: 2 value: 
DEBUG - col: 3 value: 
DEBUG - col: 4 value: 
DEBUG - col: 5 value: 
DEBUG - col: 6 value: 
DEBUG - col: 7 value: 
DEBUG - col: 8 value: 
DEBUG - col: 9 value: 
DEBUG - col: 10 value: 
DEBUG - col: 11 value: 
DEBUG - col: 12 value: 
DEBUG - col: 13 value: 
DEBUG - col: 14 value: 
DEBUG - col: 15 value: 
DEBUG - col: 16 value: 
DEBUG - col: 17 value: 
DEBUG - col: 18 value: 
DEBUG - col: 19 value: 
DEBUG - col: 20 value: 
DEBUG - col: 21 value: 
DEBUG - col: 22 value: 
DEBUG - adding output object for: S 4
DEBUG - processing row 26 from input spreadsheet
DEBUG - col: 0 value: S 6
DEBUG - col: 1 value: 
DEBUG - col: 2 value: 
DEBUG - col: 3 value: 
DEBUG - col: 4 value: 
DEBUG - col: 5 value: 
DEBUG - col: 6 value: 
DEBUG - col: 7 value: 
DEBUG - col: 8 value: 
DEBUG - col: 9 value: 
DEBUG - col: 10 value: 
DEBUG - col: 11 value: 
DEBUG - col: 12 value: 
DEBUG - col: 13 value: 
DEBUG - col: 14 value: 
DEBUG - col: 15 value: 
DEBUG - col: 16 value: 
DEBUG - col: 17 value: 
DEBUG - col: 18 value: 
DEBUG - col: 19 value: 
DEBUG - col: 20 value: 
DEBUG - col: 21 value: 
DEBUG - col: 22 value: 
DEBUG - adding output object for: S 6
DEBUG - processing row 27 from input spreadsheet
DEBUG - col: 0 value: S 8
DEBUG - col: 1 value: 
DEBUG - col: 2 value: 
DEBUG - col: 3 value: 
DEBUG - col: 4 value: 
DEBUG - col: 5 value: 
DEBUG - col: 6 value: 
DEBUG - col: 7 value: 
DEBUG - col: 8 value: 
DEBUG - col: 9 value: 
DEBUG - col: 10 value: 
DEBUG - col: 11 value: 
DEBUG - col: 12 value: 
DEBUG - col: 13 value: 
DEBUG - col: 14 value: 
DEBUG - col: 15 value: 
DEBUG - col: 16 value: 
DEBUG - col: 17 value: 
DEBUG - col: 18 value: 
DEBUG - col: 19 value: 
DEBUG - col: 20 value: 
DEBUG - col: 21 value: 
DEBUG - col: 22 value: 
DEBUG - adding output object for: S 8
DEBUG - processing row 28 from input spreadsheet
DEBUG - col: 0 value: S 12
DEBUG - col: 1 value: 
DEBUG - col: 2 value: 
DEBUG - col: 3 value: 
DEBUG - col: 4 value: 
DEBUG - col: 5 value: 
DEBUG - col: 6 value: 
DEBUG - col: 7 value: 
DEBUG - col: 8 value: 
DEBUG - col: 9 value: 
DEBUG - col: 10 value: 
DEBUG - col: 11 value: 
DEBUG - col: 12 value: 
DEBUG - col: 13 value: 
DEBUG - col: 14 value: 
DEBUG - col: 15 value: 
DEBUG - col: 16 value: 
DEBUG - col: 17 value: 
DEBUG - col: 18 value: 
DEBUG - col: 19 value: 
DEBUG - col: 20 value: 
DEBUG - col: 21 value: 
DEBUG - col: 22 value: 
DEBUG - adding output object for: S 12
DEBUG - processing row 29 from input spreadsheet
DEBUG - col: 0 value: S 24
DEBUG - col: 1 value: 
DEBUG - col: 2 value: CommScope
DEBUG - col: 3 value: P-024-DS-8W-FSUYL
DEBUG - col: 4 value: 760018630
DEBUG - col: 5 value: 0.335
DEBUG - col: 6 value: 47.0378283
DEBUG - col: 7 value: 24
DEBUG - col: 8 value: 
DEBUG - col: 9 value: yellow
DEBUG - col: 10 value: 
DEBUG - col: 11 value: 
DEBUG - col: 12 value: 
DEBUG - col: 13 value: 5
DEBUG - col: 14 value: 
DEBUG - col: 15 value: https://www.commscope.com/globalassets/digizuite/126637-p360-760018630-external.pdf
DEBUG - col: 16 value: https://www.commscope.com/globalassets/digizuite/24767-co-p-dssu-2-1-18-jpg.jpg
DEBUG - col: 17 value: 
DEBUG - col: 18 value: 
DEBUG - col: 19 value: 
DEBUG - col: 20 value: 
DEBUG - col: 21 value: 
DEBUG - col: 22 value: 
DEBUG - found source with name: CommScope, id: 124
DEBUG - adding output object for: S 24
DEBUG - processing row 30 from input spreadsheet
DEBUG - col: 0 value: S 48
DEBUG - col: 1 value: 
DEBUG - col: 2 value: CommScope
DEBUG - col: 3 value: R-048-DS-8W-FSUYL
DEBUG - col: 4 value: 760004473
DEBUG - col: 5 value: 0.63
DEBUG - col: 6 value: 142.5
DEBUG - col: 7 value: 48
DEBUG - col: 8 value: 
DEBUG - col: 9 value: yellow
DEBUG - col: 10 value: 
DEBUG - col: 11 value: 
DEBUG - col: 12 value: 
DEBUG - col: 13 value: 9.4
DEBUG - col: 14 value: 
DEBUG - col: 15 value: https://www.commscope.com/catalog/cables/product_details.aspx?id=19772
DEBUG - col: 16 value: https://www.commscope.com/catalog/imagesCache/0000006/t006_r20699_v-1.jpg
DEBUG - col: 17 value: 
DEBUG - col: 18 value: 
DEBUG - col: 19 value: 
DEBUG - col: 20 value: 
DEBUG - col: 21 value: 
DEBUG - col: 22 value: 
DEBUG - found source with name: CommScope, id: 124
DEBUG - adding output object for: S 48
DEBUG - processing row 31 from input spreadsheet
DEBUG - col: 0 value: MPO 24  (M 24 MPO-to-MPO)
DEBUG - col: 1 value: 
DEBUG - col: 2 value: 
DEBUG - col: 3 value: 
DEBUG - col: 4 value: 
DEBUG - col: 5 value: 
DEBUG - col: 6 value: 
DEBUG - col: 7 value: 
DEBUG - col: 8 value: 
DEBUG - col: 9 value: 
DEBUG - col: 10 value: 
DEBUG - col: 11 value: 
DEBUG - col: 12 value: 
DEBUG - col: 13 value: 
DEBUG - col: 14 value: 
DEBUG - col: 15 value: 
DEBUG - col: 16 value: 
DEBUG - col: 17 value: 
DEBUG - col: 18 value: 
DEBUG - col: 19 value: 
DEBUG - col: 20 value: 
DEBUG - col: 21 value: 
DEBUG - col: 22 value: 
DEBUG - adding output object for: MPO 24  (M 24 MPO-to-MPO)
DEBUG - processing row 32 from input spreadsheet
DEBUG - col: 0 value: RG316 (w/LEMO L00)
DEBUG - col: 1 value: 
DEBUG - col: 2 value: 
DEBUG - col: 3 value: 
DEBUG - col: 4 value: 
DEBUG - col: 5 value: 
DEBUG - col: 6 value: 
DEBUG - col: 7 value: 
DEBUG - col: 8 value: 
DEBUG - col: 9 value: 
DEBUG - col: 10 value: 
DEBUG - col: 11 value: 
DEBUG - col: 12 value: 
DEBUG - col: 13 value: 
DEBUG - col: 14 value: 
DEBUG - col: 15 value: 
DEBUG - col: 16 value: 
DEBUG - col: 17 value: 
DEBUG - col: 18 value: 
DEBUG - col: 19 value: 
DEBUG - col: 20 value: 
DEBUG - col: 21 value: 
DEBUG - col: 22 value: 
DEBUG - adding output object for: RG316 (w/LEMO L00)
DEBUG - processing row 33 from input spreadsheet
DEBUG - col: 0 value: SETPOINT (custom legacy)
DEBUG - col: 1 value: 
DEBUG - col: 2 value: 
DEBUG - col: 3 value: 
DEBUG - col: 4 value: 
DEBUG - col: 5 value: 
DEBUG - col: 6 value: 
DEBUG - col: 7 value: 
DEBUG - col: 8 value: 
DEBUG - col: 9 value: 
DEBUG - col: 10 value: 
DEBUG - col: 11 value: 
DEBUG - col: 12 value: 
DEBUG - col: 13 value: 
DEBUG - col: 14 value: 
DEBUG - col: 15 value: 
DEBUG - col: 16 value: 
DEBUG - col: 17 value: 
DEBUG - col: 18 value: 
DEBUG - col: 19 value: 
DEBUG - col: 20 value: 
DEBUG - col: 21 value: 
DEBUG - col: 22 value: 
DEBUG - adding output object for: SETPOINT (custom legacy)
DEBUG - processing row 2 in output spreadsheet
DEBUG - index: 0 method: get_name value: Cat 5
DEBUG - index: 1 method: get_alt_name value: None
DEBUG - index: 2 method: get_description value: 
DEBUG - index: 3 method: get_link_url value: 
DEBUG - index: 4 method: get_image_url value: 
DEBUG - index: 5 method: get_manufacturer_id value: None
DEBUG - index: 6 method: get_part_number value: 
DEBUG - index: 7 method: get_alt_part_number value: 
DEBUG - index: 8 method: get_diameter value: 
DEBUG - index: 9 method: get_weight value: 
DEBUG - index: 10 method: get_conductors value: 
DEBUG - index: 11 method: get_insulation value: 
DEBUG - index: 12 method: get_jacket_color value: 
DEBUG - index: 13 method: get_voltage_rating value: 
DEBUG - index: 14 method: get_fire_load value: 
DEBUG - index: 15 method: get_heat_limit value: 
DEBUG - index: 16 method: get_bend_radius value: 
DEBUG - index: 17 method: get_rad_tolerance value: 
DEBUG - index: 18 method: get_total_length value: 
DEBUG - index: 19 method: get_reel_length value: 
DEBUG - index: 20 method: get_reel_qty value: 
DEBUG - index: 21 method: get_lead_time value: 
DEBUG - index: 22 method: get_procurement_status value: Unspecified
DEBUG - index: 23 method: get_project_id value: #APS-U Production
DEBUG - index: 24 method: get_tech_system_id value: #Controls/Instrumentation
DEBUG - index: 25 method: get_owner_user_id value: #cdb
DEBUG - index: 26 method: get_owner_group_id value: #APSU_CABLE_CONFIG
DEBUG - processing row 3 in output spreadsheet
DEBUG - index: 0 method: get_name value: Cat 5e
DEBUG - index: 1 method: get_alt_name value: None
DEBUG - index: 2 method: get_description value: 
DEBUG - index: 3 method: get_link_url value: 
DEBUG - index: 4 method: get_image_url value: 
DEBUG - index: 5 method: get_manufacturer_id value: None
DEBUG - index: 6 method: get_part_number value: 
DEBUG - index: 7 method: get_alt_part_number value: 
DEBUG - index: 8 method: get_diameter value: 
DEBUG - index: 9 method: get_weight value: 
DEBUG - index: 10 method: get_conductors value: 
DEBUG - index: 11 method: get_insulation value: 
DEBUG - index: 12 method: get_jacket_color value: 
DEBUG - index: 13 method: get_voltage_rating value: 
DEBUG - index: 14 method: get_fire_load value: 
DEBUG - index: 15 method: get_heat_limit value: 
DEBUG - index: 16 method: get_bend_radius value: 
DEBUG - index: 17 method: get_rad_tolerance value: 
DEBUG - index: 18 method: get_total_length value: 
DEBUG - index: 19 method: get_reel_length value: 
DEBUG - index: 20 method: get_reel_qty value: 
DEBUG - index: 21 method: get_lead_time value: 
DEBUG - index: 22 method: get_procurement_status value: Unspecified
DEBUG - index: 23 method: get_project_id value: #APS-U Production
DEBUG - index: 24 method: get_tech_system_id value: #Controls/Instrumentation
DEBUG - index: 25 method: get_owner_user_id value: #cdb
DEBUG - index: 26 method: get_owner_group_id value: #APSU_CABLE_CONFIG
DEBUG - processing row 4 in output spreadsheet
DEBUG - index: 0 method: get_name value: Cat 6
DEBUG - index: 1 method: get_alt_name value: None
DEBUG - index: 2 method: get_description value: 
DEBUG - index: 3 method: get_link_url value: 
DEBUG - index: 4 method: get_image_url value: 
DEBUG - index: 5 method: get_manufacturer_id value: None
DEBUG - index: 6 method: get_part_number value: 
DEBUG - index: 7 method: get_alt_part_number value: 
DEBUG - index: 8 method: get_diameter value: 
DEBUG - index: 9 method: get_weight value: 
DEBUG - index: 10 method: get_conductors value: 
DEBUG - index: 11 method: get_insulation value: 
DEBUG - index: 12 method: get_jacket_color value: 
DEBUG - index: 13 method: get_voltage_rating value: 
DEBUG - index: 14 method: get_fire_load value: 
DEBUG - index: 15 method: get_heat_limit value: 
DEBUG - index: 16 method: get_bend_radius value: 
DEBUG - index: 17 method: get_rad_tolerance value: 
DEBUG - index: 18 method: get_total_length value: 
DEBUG - index: 19 method: get_reel_length value: 
DEBUG - index: 20 method: get_reel_qty value: 
DEBUG - index: 21 method: get_lead_time value: 
DEBUG - index: 22 method: get_procurement_status value: Unspecified
DEBUG - index: 23 method: get_project_id value: #APS-U Production
DEBUG - index: 24 method: get_tech_system_id value: #Controls/Instrumentation
DEBUG - index: 25 method: get_owner_user_id value: #cdb
DEBUG - index: 26 method: get_owner_group_id value: #APSU_CABLE_CONFIG
DEBUG - processing row 5 in output spreadsheet
DEBUG - index: 0 method: get_name value: M 1
DEBUG - index: 1 method: get_alt_name value: None
DEBUG - index: 2 method: get_description value: 
DEBUG - index: 3 method: get_link_url value: 
DEBUG - index: 4 method: get_image_url value: 
DEBUG - index: 5 method: get_manufacturer_id value: None
DEBUG - index: 6 method: get_part_number value: 
DEBUG - index: 7 method: get_alt_part_number value: 
DEBUG - index: 8 method: get_diameter value: 
DEBUG - index: 9 method: get_weight value: 
DEBUG - index: 10 method: get_conductors value: 
DEBUG - index: 11 method: get_insulation value: 
DEBUG - index: 12 method: get_jacket_color value: 
DEBUG - index: 13 method: get_voltage_rating value: 
DEBUG - index: 14 method: get_fire_load value: 
DEBUG - index: 15 method: get_heat_limit value: 
DEBUG - index: 16 method: get_bend_radius value: 
DEBUG - index: 17 method: get_rad_tolerance value: 
DEBUG - index: 18 method: get_total_length value: 
DEBUG - index: 19 method: get_reel_length value: 
DEBUG - index: 20 method: get_reel_qty value: 
DEBUG - index: 21 method: get_lead_time value: 
DEBUG - index: 22 method: get_procurement_status value: Unspecified
DEBUG - index: 23 method: get_project_id value: #APS-U Production
DEBUG - index: 24 method: get_tech_system_id value: #Controls/Instrumentation
DEBUG - index: 25 method: get_owner_user_id value: #cdb
DEBUG - index: 26 method: get_owner_group_id value: #APSU_CABLE_CONFIG
DEBUG - processing row 6 in output spreadsheet
DEBUG - index: 0 method: get_name value: M 2
DEBUG - index: 1 method: get_alt_name value: None
DEBUG - index: 2 method: get_description value: 
DEBUG - index: 3 method: get_link_url value: 
DEBUG - index: 4 method: get_image_url value: 
DEBUG - index: 5 method: get_manufacturer_id value: None
DEBUG - index: 6 method: get_part_number value: 
DEBUG - index: 7 method: get_alt_part_number value: 
DEBUG - index: 8 method: get_diameter value: 
DEBUG - index: 9 method: get_weight value: 
DEBUG - index: 10 method: get_conductors value: 
DEBUG - index: 11 method: get_insulation value: 
DEBUG - index: 12 method: get_jacket_color value: 
DEBUG - index: 13 method: get_voltage_rating value: 
DEBUG - index: 14 method: get_fire_load value: 
DEBUG - index: 15 method: get_heat_limit value: 
DEBUG - index: 16 method: get_bend_radius value: 
DEBUG - index: 17 method: get_rad_tolerance value: 
DEBUG - index: 18 method: get_total_length value: 
DEBUG - index: 19 method: get_reel_length value: 
DEBUG - index: 20 method: get_reel_qty value: 
DEBUG - index: 21 method: get_lead_time value: 
DEBUG - index: 22 method: get_procurement_status value: Unspecified
DEBUG - index: 23 method: get_project_id value: #APS-U Production
DEBUG - index: 24 method: get_tech_system_id value: #Controls/Instrumentation
DEBUG - index: 25 method: get_owner_user_id value: #cdb
DEBUG - index: 26 method: get_owner_group_id value: #APSU_CABLE_CONFIG
DEBUG - processing row 7 in output spreadsheet
DEBUG - index: 0 method: get_name value: M 4
DEBUG - index: 1 method: get_alt_name value: None
DEBUG - index: 2 method: get_description value: 
DEBUG - index: 3 method: get_link_url value: 
DEBUG - index: 4 method: get_image_url value: 
DEBUG - index: 5 method: get_manufacturer_id value: None
DEBUG - index: 6 method: get_part_number value: 
DEBUG - index: 7 method: get_alt_part_number value: 
DEBUG - index: 8 method: get_diameter value: 
DEBUG - index: 9 method: get_weight value: 
DEBUG - index: 10 method: get_conductors value: 
DEBUG - index: 11 method: get_insulation value: 
DEBUG - index: 12 method: get_jacket_color value: 
DEBUG - index: 13 method: get_voltage_rating value: 
DEBUG - index: 14 method: get_fire_load value: 
DEBUG - index: 15 method: get_heat_limit value: 
DEBUG - index: 16 method: get_bend_radius value: 
DEBUG - index: 17 method: get_rad_tolerance value: 
DEBUG - index: 18 method: get_total_length value: 
DEBUG - index: 19 method: get_reel_length value: 
DEBUG - index: 20 method: get_reel_qty value: 
DEBUG - index: 21 method: get_lead_time value: 
DEBUG - index: 22 method: get_procurement_status value: Unspecified
DEBUG - index: 23 method: get_project_id value: #APS-U Production
DEBUG - index: 24 method: get_tech_system_id value: #Controls/Instrumentation
DEBUG - index: 25 method: get_owner_user_id value: #cdb
DEBUG - index: 26 method: get_owner_group_id value: #APSU_CABLE_CONFIG
DEBUG - processing row 8 in output spreadsheet
DEBUG - index: 0 method: get_name value: M 6
DEBUG - index: 1 method: get_alt_name value: None
DEBUG - index: 2 method: get_description value: 
DEBUG - index: 3 method: get_link_url value: 
DEBUG - index: 4 method: get_image_url value: 
DEBUG - index: 5 method: get_manufacturer_id value: None
DEBUG - index: 6 method: get_part_number value: 
DEBUG - index: 7 method: get_alt_part_number value: 
DEBUG - index: 8 method: get_diameter value: 
DEBUG - index: 9 method: get_weight value: 
DEBUG - index: 10 method: get_conductors value: 
DEBUG - index: 11 method: get_insulation value: 
DEBUG - index: 12 method: get_jacket_color value: 
DEBUG - index: 13 method: get_voltage_rating value: 
DEBUG - index: 14 method: get_fire_load value: 
DEBUG - index: 15 method: get_heat_limit value: 
DEBUG - index: 16 method: get_bend_radius value: 
DEBUG - index: 17 method: get_rad_tolerance value: 
DEBUG - index: 18 method: get_total_length value: 
DEBUG - index: 19 method: get_reel_length value: 
DEBUG - index: 20 method: get_reel_qty value: 
DEBUG - index: 21 method: get_lead_time value: 
DEBUG - index: 22 method: get_procurement_status value: Unspecified
DEBUG - index: 23 method: get_project_id value: #APS-U Production
DEBUG - index: 24 method: get_tech_system_id value: #Controls/Instrumentation
DEBUG - index: 25 method: get_owner_user_id value: #cdb
DEBUG - index: 26 method: get_owner_group_id value: #APSU_CABLE_CONFIG
DEBUG - processing row 9 in output spreadsheet
DEBUG - index: 0 method: get_name value: M 8
DEBUG - index: 1 method: get_alt_name value: None
DEBUG - index: 2 method: get_description value: 
DEBUG - index: 3 method: get_link_url value: 
DEBUG - index: 4 method: get_image_url value: 
DEBUG - index: 5 method: get_manufacturer_id value: None
DEBUG - index: 6 method: get_part_number value: 
DEBUG - index: 7 method: get_alt_part_number value: 
DEBUG - index: 8 method: get_diameter value: 
DEBUG - index: 9 method: get_weight value: 
DEBUG - index: 10 method: get_conductors value: 
DEBUG - index: 11 method: get_insulation value: 
DEBUG - index: 12 method: get_jacket_color value: 
DEBUG - index: 13 method: get_voltage_rating value: 
DEBUG - index: 14 method: get_fire_load value: 
DEBUG - index: 15 method: get_heat_limit value: 
DEBUG - index: 16 method: get_bend_radius value: 
DEBUG - index: 17 method: get_rad_tolerance value: 
DEBUG - index: 18 method: get_total_length value: 
DEBUG - index: 19 method: get_reel_length value: 
DEBUG - index: 20 method: get_reel_qty value: 
DEBUG - index: 21 method: get_lead_time value: 
DEBUG - index: 22 method: get_procurement_status value: Unspecified
DEBUG - index: 23 method: get_project_id value: #APS-U Production
DEBUG - index: 24 method: get_tech_system_id value: #Controls/Instrumentation
DEBUG - index: 25 method: get_owner_user_id value: #cdb
DEBUG - index: 26 method: get_owner_group_id value: #APSU_CABLE_CONFIG
DEBUG - processing row 10 in output spreadsheet
DEBUG - index: 0 method: get_name value: M 12
DEBUG - index: 1 method: get_alt_name value: None
DEBUG - index: 2 method: get_description value: 
DEBUG - index: 3 method: get_link_url value: 
DEBUG - index: 4 method: get_image_url value: 
DEBUG - index: 5 method: get_manufacturer_id value: None
DEBUG - index: 6 method: get_part_number value: 
DEBUG - index: 7 method: get_alt_part_number value: 
DEBUG - index: 8 method: get_diameter value: 
DEBUG - index: 9 method: get_weight value: 
DEBUG - index: 10 method: get_conductors value: 
DEBUG - index: 11 method: get_insulation value: 
DEBUG - index: 12 method: get_jacket_color value: 
DEBUG - index: 13 method: get_voltage_rating value: 
DEBUG - index: 14 method: get_fire_load value: 
DEBUG - index: 15 method: get_heat_limit value: 
DEBUG - index: 16 method: get_bend_radius value: 
DEBUG - index: 17 method: get_rad_tolerance value: 
DEBUG - index: 18 method: get_total_length value: 
DEBUG - index: 19 method: get_reel_length value: 
DEBUG - index: 20 method: get_reel_qty value: 
DEBUG - index: 21 method: get_lead_time value: 
DEBUG - index: 22 method: get_procurement_status value: Unspecified
DEBUG - index: 23 method: get_project_id value: #APS-U Production
DEBUG - index: 24 method: get_tech_system_id value: #Controls/Instrumentation
DEBUG - index: 25 method: get_owner_user_id value: #cdb
DEBUG - index: 26 method: get_owner_group_id value: #APSU_CABLE_CONFIG
DEBUG - processing row 11 in output spreadsheet
DEBUG - index: 0 method: get_name value: M 24
DEBUG - index: 1 method: get_alt_name value: None
DEBUG - index: 2 method: get_description value: 
DEBUG - index: 3 method: get_link_url value: https://www.anixter.com/en_us/products/R-024-DS-5K-FSUBR/COMMSCOPE-ENTERPRISE-SOLUTIONS/Indoor-Fiber-Optic-Cable/p/371-COMOM4-TBD-24BR
DEBUG - index: 4 method: get_image_url value: https://images.eanixter.com/viewex/PR65573V2.JPG
DEBUG - index: 5 method: get_manufacturer_id value: 124
DEBUG - index: 6 method: get_part_number value: R-024-DS-5K-FSUBR
DEBUG - index: 7 method: get_alt_part_number value: 760152413
DEBUG - index: 8 method: get_diameter value: 0.33
DEBUG - index: 9 method: get_weight value: 38
DEBUG - index: 10 method: get_conductors value: 24
DEBUG - index: 11 method: get_insulation value: 
DEBUG - index: 12 method: get_jacket_color value: brown
DEBUG - index: 13 method: get_voltage_rating value: 
DEBUG - index: 14 method: get_fire_load value: 
DEBUG - index: 15 method: get_heat_limit value: 
DEBUG - index: 16 method: get_bend_radius value: 4.9
DEBUG - index: 17 method: get_rad_tolerance value: 
DEBUG - index: 18 method: get_total_length value: 
DEBUG - index: 19 method: get_reel_length value: 
DEBUG - index: 20 method: get_reel_qty value: 
DEBUG - index: 21 method: get_lead_time value: 
DEBUG - index: 22 method: get_procurement_status value: Unspecified
DEBUG - index: 23 method: get_project_id value: #APS-U Production
DEBUG - index: 24 method: get_tech_system_id value: #Controls/Instrumentation
DEBUG - index: 25 method: get_owner_user_id value: #cdb
DEBUG - index: 26 method: get_owner_group_id value: #APSU_CABLE_CONFIG
DEBUG - processing row 12 in output spreadsheet
DEBUG - index: 0 method: get_name value: M 48
DEBUG - index: 1 method: get_alt_name value: None
DEBUG - index: 2 method: get_description value: 
DEBUG - index: 3 method: get_link_url value: 
DEBUG - index: 4 method: get_image_url value: 
DEBUG - index: 5 method: get_manufacturer_id value: None
DEBUG - index: 6 method: get_part_number value: 
DEBUG - index: 7 method: get_alt_part_number value: 
DEBUG - index: 8 method: get_diameter value: 
DEBUG - index: 9 method: get_weight value: 
DEBUG - index: 10 method: get_conductors value: 
DEBUG - index: 11 method: get_insulation value: 
DEBUG - index: 12 method: get_jacket_color value: 
DEBUG - index: 13 method: get_voltage_rating value: 
DEBUG - index: 14 method: get_fire_load value: 
DEBUG - index: 15 method: get_heat_limit value: 
DEBUG - index: 16 method: get_bend_radius value: 
DEBUG - index: 17 method: get_rad_tolerance value: 
DEBUG - index: 18 method: get_total_length value: 
DEBUG - index: 19 method: get_reel_length value: 
DEBUG - index: 20 method: get_reel_qty value: 
DEBUG - index: 21 method: get_lead_time value: 
DEBUG - index: 22 method: get_procurement_status value: Unspecified
DEBUG - index: 23 method: get_project_id value: #APS-U Production
DEBUG - index: 24 method: get_tech_system_id value: #Controls/Instrumentation
DEBUG - index: 25 method: get_owner_user_id value: #cdb
DEBUG - index: 26 method: get_owner_group_id value: #APSU_CABLE_CONFIG
DEBUG - processing row 13 in output spreadsheet
DEBUG - index: 0 method: get_name value: S 1
DEBUG - index: 1 method: get_alt_name value: None
DEBUG - index: 2 method: get_description value: 
DEBUG - index: 3 method: get_link_url value: 
DEBUG - index: 4 method: get_image_url value: 
DEBUG - index: 5 method: get_manufacturer_id value: None
DEBUG - index: 6 method: get_part_number value: 
DEBUG - index: 7 method: get_alt_part_number value: 
DEBUG - index: 8 method: get_diameter value: 
DEBUG - index: 9 method: get_weight value: 
DEBUG - index: 10 method: get_conductors value: 
DEBUG - index: 11 method: get_insulation value: 
DEBUG - index: 12 method: get_jacket_color value: 
DEBUG - index: 13 method: get_voltage_rating value: 
DEBUG - index: 14 method: get_fire_load value: 
DEBUG - index: 15 method: get_heat_limit value: 
DEBUG - index: 16 method: get_bend_radius value: 
DEBUG - index: 17 method: get_rad_tolerance value: 
DEBUG - index: 18 method: get_total_length value: 
DEBUG - index: 19 method: get_reel_length value: 
DEBUG - index: 20 method: get_reel_qty value: 
DEBUG - index: 21 method: get_lead_time value: 
DEBUG - index: 22 method: get_procurement_status value: Unspecified
DEBUG - index: 23 method: get_project_id value: #APS-U Production
DEBUG - index: 24 method: get_tech_system_id value: #Controls/Instrumentation
DEBUG - index: 25 method: get_owner_user_id value: #cdb
DEBUG - index: 26 method: get_owner_group_id value: #APSU_CABLE_CONFIG
DEBUG - processing row 14 in output spreadsheet
DEBUG - index: 0 method: get_name value: S 2
DEBUG - index: 1 method: get_alt_name value: None
DEBUG - index: 2 method: get_description value: 
DEBUG - index: 3 method: get_link_url value: 
DEBUG - index: 4 method: get_image_url value: 
DEBUG - index: 5 method: get_manufacturer_id value: None
DEBUG - index: 6 method: get_part_number value: 
DEBUG - index: 7 method: get_alt_part_number value: 
DEBUG - index: 8 method: get_diameter value: 
DEBUG - index: 9 method: get_weight value: 
DEBUG - index: 10 method: get_conductors value: 
DEBUG - index: 11 method: get_insulation value: 
DEBUG - index: 12 method: get_jacket_color value: 
DEBUG - index: 13 method: get_voltage_rating value: 
DEBUG - index: 14 method: get_fire_load value: 
DEBUG - index: 15 method: get_heat_limit value: 
DEBUG - index: 16 method: get_bend_radius value: 
DEBUG - index: 17 method: get_rad_tolerance value: 
DEBUG - index: 18 method: get_total_length value: 
DEBUG - index: 19 method: get_reel_length value: 
DEBUG - index: 20 method: get_reel_qty value: 
DEBUG - index: 21 method: get_lead_time value: 
DEBUG - index: 22 method: get_procurement_status value: Unspecified
DEBUG - index: 23 method: get_project_id value: #APS-U Production
DEBUG - index: 24 method: get_tech_system_id value: #Controls/Instrumentation
DEBUG - index: 25 method: get_owner_user_id value: #cdb
DEBUG - index: 26 method: get_owner_group_id value: #APSU_CABLE_CONFIG
DEBUG - processing row 15 in output spreadsheet
DEBUG - index: 0 method: get_name value: S 4
DEBUG - index: 1 method: get_alt_name value: None
DEBUG - index: 2 method: get_description value: 
DEBUG - index: 3 method: get_link_url value: 
DEBUG - index: 4 method: get_image_url value: 
DEBUG - index: 5 method: get_manufacturer_id value: None
DEBUG - index: 6 method: get_part_number value: 
DEBUG - index: 7 method: get_alt_part_number value: 
DEBUG - index: 8 method: get_diameter value: 
DEBUG - index: 9 method: get_weight value: 
DEBUG - index: 10 method: get_conductors value: 
DEBUG - index: 11 method: get_insulation value: 
DEBUG - index: 12 method: get_jacket_color value: 
DEBUG - index: 13 method: get_voltage_rating value: 
DEBUG - index: 14 method: get_fire_load value: 
DEBUG - index: 15 method: get_heat_limit value: 
DEBUG - index: 16 method: get_bend_radius value: 
DEBUG - index: 17 method: get_rad_tolerance value: 
DEBUG - index: 18 method: get_total_length value: 
DEBUG - index: 19 method: get_reel_length value: 
DEBUG - index: 20 method: get_reel_qty value: 
DEBUG - index: 21 method: get_lead_time value: 
DEBUG - index: 22 method: get_procurement_status value: Unspecified
DEBUG - index: 23 method: get_project_id value: #APS-U Production
DEBUG - index: 24 method: get_tech_system_id value: #Controls/Instrumentation
DEBUG - index: 25 method: get_owner_user_id value: #cdb
DEBUG - index: 26 method: get_owner_group_id value: #APSU_CABLE_CONFIG
DEBUG - processing row 16 in output spreadsheet
DEBUG - index: 0 method: get_name value: S 6
DEBUG - index: 1 method: get_alt_name value: None
DEBUG - index: 2 method: get_description value: 
DEBUG - index: 3 method: get_link_url value: 
DEBUG - index: 4 method: get_image_url value: 
DEBUG - index: 5 method: get_manufacturer_id value: None
DEBUG - index: 6 method: get_part_number value: 
DEBUG - index: 7 method: get_alt_part_number value: 
DEBUG - index: 8 method: get_diameter value: 
DEBUG - index: 9 method: get_weight value: 
DEBUG - index: 10 method: get_conductors value: 
DEBUG - index: 11 method: get_insulation value: 
DEBUG - index: 12 method: get_jacket_color value: 
DEBUG - index: 13 method: get_voltage_rating value: 
DEBUG - index: 14 method: get_fire_load value: 
DEBUG - index: 15 method: get_heat_limit value: 
DEBUG - index: 16 method: get_bend_radius value: 
DEBUG - index: 17 method: get_rad_tolerance value: 
DEBUG - index: 18 method: get_total_length value: 
DEBUG - index: 19 method: get_reel_length value: 
DEBUG - index: 20 method: get_reel_qty value: 
DEBUG - index: 21 method: get_lead_time value: 
DEBUG - index: 22 method: get_procurement_status value: Unspecified
DEBUG - index: 23 method: get_project_id value: #APS-U Production
DEBUG - index: 24 method: get_tech_system_id value: #Controls/Instrumentation
DEBUG - index: 25 method: get_owner_user_id value: #cdb
DEBUG - index: 26 method: get_owner_group_id value: #APSU_CABLE_CONFIG
DEBUG - processing row 17 in output spreadsheet
DEBUG - index: 0 method: get_name value: S 8
DEBUG - index: 1 method: get_alt_name value: None
DEBUG - index: 2 method: get_description value: 
DEBUG - index: 3 method: get_link_url value: 
DEBUG - index: 4 method: get_image_url value: 
DEBUG - index: 5 method: get_manufacturer_id value: None
DEBUG - index: 6 method: get_part_number value: 
DEBUG - index: 7 method: get_alt_part_number value: 
DEBUG - index: 8 method: get_diameter value: 
DEBUG - index: 9 method: get_weight value: 
DEBUG - index: 10 method: get_conductors value: 
DEBUG - index: 11 method: get_insulation value: 
DEBUG - index: 12 method: get_jacket_color value: 
DEBUG - index: 13 method: get_voltage_rating value: 
DEBUG - index: 14 method: get_fire_load value: 
DEBUG - index: 15 method: get_heat_limit value: 
DEBUG - index: 16 method: get_bend_radius value: 
DEBUG - index: 17 method: get_rad_tolerance value: 
DEBUG - index: 18 method: get_total_length value: 
DEBUG - index: 19 method: get_reel_length value: 
DEBUG - index: 20 method: get_reel_qty value: 
DEBUG - index: 21 method: get_lead_time value: 
DEBUG - index: 22 method: get_procurement_status value: Unspecified
DEBUG - index: 23 method: get_project_id value: #APS-U Production
DEBUG - index: 24 method: get_tech_system_id value: #Controls/Instrumentation
DEBUG - index: 25 method: get_owner_user_id value: #cdb
DEBUG - index: 26 method: get_owner_group_id value: #APSU_CABLE_CONFIG
DEBUG - processing row 18 in output spreadsheet
DEBUG - index: 0 method: get_name value: S 12
DEBUG - index: 1 method: get_alt_name value: None
DEBUG - index: 2 method: get_description value: 
DEBUG - index: 3 method: get_link_url value: 
DEBUG - index: 4 method: get_image_url value: 
DEBUG - index: 5 method: get_manufacturer_id value: None
DEBUG - index: 6 method: get_part_number value: 
DEBUG - index: 7 method: get_alt_part_number value: 
DEBUG - index: 8 method: get_diameter value: 
DEBUG - index: 9 method: get_weight value: 
DEBUG - index: 10 method: get_conductors value: 
DEBUG - index: 11 method: get_insulation value: 
DEBUG - index: 12 method: get_jacket_color value: 
DEBUG - index: 13 method: get_voltage_rating value: 
DEBUG - index: 14 method: get_fire_load value: 
DEBUG - index: 15 method: get_heat_limit value: 
DEBUG - index: 16 method: get_bend_radius value: 
DEBUG - index: 17 method: get_rad_tolerance value: 
DEBUG - index: 18 method: get_total_length value: 
DEBUG - index: 19 method: get_reel_length value: 
DEBUG - index: 20 method: get_reel_qty value: 
DEBUG - index: 21 method: get_lead_time value: 
DEBUG - index: 22 method: get_procurement_status value: Unspecified
DEBUG - index: 23 method: get_project_id value: #APS-U Production
DEBUG - index: 24 method: get_tech_system_id value: #Controls/Instrumentation
DEBUG - index: 25 method: get_owner_user_id value: #cdb
DEBUG - index: 26 method: get_owner_group_id value: #APSU_CABLE_CONFIG
DEBUG - processing row 19 in output spreadsheet
DEBUG - index: 0 method: get_name value: S 24
DEBUG - index: 1 method: get_alt_name value: None
DEBUG - index: 2 method: get_description value: 
DEBUG - index: 3 method: get_link_url value: https://www.commscope.com/globalassets/digizuite/126637-p360-760018630-external.pdf
DEBUG - index: 4 method: get_image_url value: https://www.commscope.com/globalassets/digizuite/24767-co-p-dssu-2-1-18-jpg.jpg
DEBUG - index: 5 method: get_manufacturer_id value: 124
DEBUG - index: 6 method: get_part_number value: P-024-DS-8W-FSUYL
DEBUG - index: 7 method: get_alt_part_number value: 760018630
DEBUG - index: 8 method: get_diameter value: 0.335
DEBUG - index: 9 method: get_weight value: 47.0378283
DEBUG - index: 10 method: get_conductors value: 24
DEBUG - index: 11 method: get_insulation value: 
DEBUG - index: 12 method: get_jacket_color value: yellow
DEBUG - index: 13 method: get_voltage_rating value: 
DEBUG - index: 14 method: get_fire_load value: 
DEBUG - index: 15 method: get_heat_limit value: 
DEBUG - index: 16 method: get_bend_radius value: 5
DEBUG - index: 17 method: get_rad_tolerance value: 
DEBUG - index: 18 method: get_total_length value: 
DEBUG - index: 19 method: get_reel_length value: 
DEBUG - index: 20 method: get_reel_qty value: 
DEBUG - index: 21 method: get_lead_time value: 
DEBUG - index: 22 method: get_procurement_status value: Unspecified
DEBUG - index: 23 method: get_project_id value: #APS-U Production
DEBUG - index: 24 method: get_tech_system_id value: #Controls/Instrumentation
DEBUG - index: 25 method: get_owner_user_id value: #cdb
DEBUG - index: 26 method: get_owner_group_id value: #APSU_CABLE_CONFIG
DEBUG - processing row 20 in output spreadsheet
DEBUG - index: 0 method: get_name value: S 48
DEBUG - index: 1 method: get_alt_name value: None
DEBUG - index: 2 method: get_description value: 
DEBUG - index: 3 method: get_link_url value: https://www.commscope.com/catalog/cables/product_details.aspx?id=19772
DEBUG - index: 4 method: get_image_url value: https://www.commscope.com/catalog/imagesCache/0000006/t006_r20699_v-1.jpg
DEBUG - index: 5 method: get_manufacturer_id value: 124
DEBUG - index: 6 method: get_part_number value: R-048-DS-8W-FSUYL
DEBUG - index: 7 method: get_alt_part_number value: 760004473
DEBUG - index: 8 method: get_diameter value: 0.63
DEBUG - index: 9 method: get_weight value: 142.5
DEBUG - index: 10 method: get_conductors value: 48
DEBUG - index: 11 method: get_insulation value: 
DEBUG - index: 12 method: get_jacket_color value: yellow
DEBUG - index: 13 method: get_voltage_rating value: 
DEBUG - index: 14 method: get_fire_load value: 
DEBUG - index: 15 method: get_heat_limit value: 
DEBUG - index: 16 method: get_bend_radius value: 9.4
DEBUG - index: 17 method: get_rad_tolerance value: 
DEBUG - index: 18 method: get_total_length value: 
DEBUG - index: 19 method: get_reel_length value: 
DEBUG - index: 20 method: get_reel_qty value: 
DEBUG - index: 21 method: get_lead_time value: 
DEBUG - index: 22 method: get_procurement_status value: Unspecified
DEBUG - index: 23 method: get_project_id value: #APS-U Production
DEBUG - index: 24 method: get_tech_system_id value: #Controls/Instrumentation
DEBUG - index: 25 method: get_owner_user_id value: #cdb
DEBUG - index: 26 method: get_owner_group_id value: #APSU_CABLE_CONFIG
DEBUG - processing row 21 in output spreadsheet
DEBUG - index: 0 method: get_name value: MPO 24  (M 24 MPO-to-MPO)
DEBUG - index: 1 method: get_alt_name value: None
DEBUG - index: 2 method: get_description value: 
DEBUG - index: 3 method: get_link_url value: 
DEBUG - index: 4 method: get_image_url value: 
DEBUG - index: 5 method: get_manufacturer_id value: None
DEBUG - index: 6 method: get_part_number value: 
DEBUG - index: 7 method: get_alt_part_number value: 
DEBUG - index: 8 method: get_diameter value: 
DEBUG - index: 9 method: get_weight value: 
DEBUG - index: 10 method: get_conductors value: 
DEBUG - index: 11 method: get_insulation value: 
DEBUG - index: 12 method: get_jacket_color value: 
DEBUG - index: 13 method: get_voltage_rating value: 
DEBUG - index: 14 method: get_fire_load value: 
DEBUG - index: 15 method: get_heat_limit value: 
DEBUG - index: 16 method: get_bend_radius value: 
DEBUG - index: 17 method: get_rad_tolerance value: 
DEBUG - index: 18 method: get_total_length value: 
DEBUG - index: 19 method: get_reel_length value: 
DEBUG - index: 20 method: get_reel_qty value: 
DEBUG - index: 21 method: get_lead_time value: 
DEBUG - index: 22 method: get_procurement_status value: Unspecified
DEBUG - index: 23 method: get_project_id value: #APS-U Production
DEBUG - index: 24 method: get_tech_system_id value: #Controls/Instrumentation
DEBUG - index: 25 method: get_owner_user_id value: #cdb
DEBUG - index: 26 method: get_owner_group_id value: #APSU_CABLE_CONFIG
DEBUG - processing row 22 in output spreadsheet
DEBUG - index: 0 method: get_name value: RG316 (w/LEMO L00)
DEBUG - index: 1 method: get_alt_name value: None
DEBUG - index: 2 method: get_description value: 
DEBUG - index: 3 method: get_link_url value: 
DEBUG - index: 4 method: get_image_url value: 
DEBUG - index: 5 method: get_manufacturer_id value: None
DEBUG - index: 6 method: get_part_number value: 
DEBUG - index: 7 method: get_alt_part_number value: 
DEBUG - index: 8 method: get_diameter value: 
DEBUG - index: 9 method: get_weight value: 
DEBUG - index: 10 method: get_conductors value: 
DEBUG - index: 11 method: get_insulation value: 
DEBUG - index: 12 method: get_jacket_color value: 
DEBUG - index: 13 method: get_voltage_rating value: 
DEBUG - index: 14 method: get_fire_load value: 
DEBUG - index: 15 method: get_heat_limit value: 
DEBUG - index: 16 method: get_bend_radius value: 
DEBUG - index: 17 method: get_rad_tolerance value: 
DEBUG - index: 18 method: get_total_length value: 
DEBUG - index: 19 method: get_reel_length value: 
DEBUG - index: 20 method: get_reel_qty value: 
DEBUG - index: 21 method: get_lead_time value: 
DEBUG - index: 22 method: get_procurement_status value: Unspecified
DEBUG - index: 23 method: get_project_id value: #APS-U Production
DEBUG - index: 24 method: get_tech_system_id value: #Controls/Instrumentation
DEBUG - index: 25 method: get_owner_user_id value: #cdb
DEBUG - index: 26 method: get_owner_group_id value: #APSU_CABLE_CONFIG
DEBUG - processing row 23 in output spreadsheet
DEBUG - index: 0 method: get_name value: SETPOINT (custom legacy)
DEBUG - index: 1 method: get_alt_name value: None
DEBUG - index: 2 method: get_description value: 
DEBUG - index: 3 method: get_link_url value: 
DEBUG - index: 4 method: get_image_url value: 
DEBUG - index: 5 method: get_manufacturer_id value: None
DEBUG - index: 6 method: get_part_number value: 
DEBUG - index: 7 method: get_alt_part_number value: 
DEBUG - index: 8 method: get_diameter value: 
DEBUG - index: 9 method: get_weight value: 
DEBUG - index: 10 method: get_conductors value: 
DEBUG - index: 11 method: get_insulation value: 
DEBUG - index: 12 method: get_jacket_color value: 
DEBUG - index: 13 method: get_voltage_rating value: 
DEBUG - index: 14 method: get_fire_load value: 
DEBUG - index: 15 method: get_heat_limit value: 
DEBUG - index: 16 method: get_bend_radius value: 
DEBUG - index: 17 method: get_rad_tolerance value: 
DEBUG - index: 18 method: get_total_length value: 
DEBUG - index: 19 method: get_reel_length value: 
DEBUG - index: 20 method: get_reel_qty value: 
DEBUG - index: 21 method: get_lead_time value: 
DEBUG - index: 22 method: get_procurement_status value: Unspecified
DEBUG - index: 23 method: get_project_id value: #APS-U Production
DEBUG - index: 24 method: get_tech_system_id value: #Controls/Instrumentation
DEBUG - index: 25 method: get_owner_user_id value: #cdb
DEBUG - index: 26 method: get_owner_group_id value: #APSU_CABLE_CONFIG
INFO - PROCESSING SUCCESSFUL: processed 23 input rows including 0 empty rows and wrote 22 output rows
